{"C:\\Users\\Cesar\\Documents\\REACT\\Proyecto\\rest_api_node_ts_server\\src\\router.ts": {"path":"C:\\Users\\Cesar\\Documents\\REACT\\Proyecto\\rest_api_node_ts_server\\src\\router.ts","statementMap":{"0":{"start":{"line":1,"column":0},"end":{"line":1,"column":30}},"1":{"start":{"line":2,"column":0},"end":{"line":2,"column":129}},"2":{"start":{"line":3,"column":0},"end":{"line":3,"column":47}},"3":{"start":{"line":4,"column":0},"end":{"line":4,"column":52}},"4":{"start":{"line":6,"column":15},"end":{"line":6,"column":23}},"5":{"start":{"line":9,"column":0},"end":{"line":9,"column":null}},"6":{"start":{"line":11,"column":0},"end":{"line":15,"column":null}},"7":{"start":{"line":17,"column":0},"end":{"line":31,"column":null}},"8":{"start":{"line":26,"column":25},"end":{"line":26,"column":34}},"9":{"start":{"line":33,"column":0},"end":{"line":50,"column":null}},"10":{"start":{"line":43,"column":25},"end":{"line":43,"column":34}},"11":{"start":{"line":52,"column":0},"end":{"line":56,"column":null}},"12":{"start":{"line":58,"column":0},"end":{"line":62,"column":null}},"13":{"start":{"line":64,"column":0},"end":{"line":64,"column":null}}},"fnMap":{"0":{"name":"(anonymous_0)","decl":{"start":{"line":26,"column":16},"end":{"line":26,"column":21}},"loc":{"start":{"line":26,"column":25},"end":{"line":26,"column":34}}},"1":{"name":"(anonymous_1)","decl":{"start":{"line":43,"column":16},"end":{"line":43,"column":21}},"loc":{"start":{"line":43,"column":25},"end":{"line":43,"column":34}}}},"branchMap":{},"s":{"0":2,"1":2,"2":2,"3":2,"4":2,"5":2,"6":2,"7":2,"8":3,"9":2,"10":5,"11":2,"12":2,"13":2},"f":{"0":3,"1":5},"b":{}}
,"C:\\Users\\Cesar\\Documents\\REACT\\Proyecto\\rest_api_node_ts_server\\src\\server.ts": {"path":"C:\\Users\\Cesar\\Documents\\REACT\\Proyecto\\rest_api_node_ts_server\\src\\server.ts","statementMap":{"0":{"start":{"line":7,"column":0},"end":{"line":7,"column":22}},"1":{"start":{"line":1,"column":0},"end":{"line":1,"column":29}},"2":{"start":{"line":2,"column":0},"end":{"line":2,"column":27}},"3":{"start":{"line":3,"column":0},"end":{"line":3,"column":29}},"4":{"start":{"line":4,"column":0},"end":{"line":4,"column":28}},"5":{"start":{"line":8,"column":4},"end":{"line":15,"column":5}},"6":{"start":{"line":9,"column":8},"end":{"line":9,"column":null}},"7":{"start":{"line":10,"column":8},"end":{"line":10,"column":null}},"8":{"start":{"line":14,"column":8},"end":{"line":14,"column":null}},"9":{"start":{"line":18,"column":0},"end":{"line":18,"column":null}},"10":{"start":{"line":21,"column":15},"end":{"line":21,"column":24}},"11":{"start":{"line":24,"column":0},"end":{"line":24,"column":null}},"12":{"start":{"line":26,"column":0},"end":{"line":26,"column":null}},"13":{"start":{"line":28,"column":0},"end":{"line":30,"column":null}},"14":{"start":{"line":29,"column":4},"end":{"line":29,"column":null}},"15":{"start":{"line":33,"column":0},"end":{"line":33,"column":null}}},"fnMap":{"0":{"name":"connectDB","decl":{"start":{"line":7,"column":22},"end":{"line":7,"column":31}},"loc":{"start":{"line":7,"column":31},"end":{"line":16,"column":null}}},"1":{"name":"(anonymous_10)","decl":{"start":{"line":28,"column":18},"end":{"line":28,"column":19}},"loc":{"start":{"line":28,"column":30},"end":{"line":30,"column":1}}}},"branchMap":{},"s":{"0":2,"1":2,"2":2,"3":2,"4":2,"5":3,"6":3,"7":2,"8":1,"9":2,"10":2,"11":2,"12":2,"13":2,"14":1,"15":2},"f":{"0":3,"1":1},"b":{}}
,"C:\\Users\\Cesar\\Documents\\REACT\\Proyecto\\rest_api_node_ts_server\\src\\config\\db.ts": {"path":"C:\\Users\\Cesar\\Documents\\REACT\\Proyecto\\rest_api_node_ts_server\\src\\config\\db.ts","statementMap":{"0":{"start":{"line":1,"column":0},"end":{"line":1,"column":48}},"1":{"start":{"line":2,"column":0},"end":{"line":2,"column":27}},"2":{"start":{"line":4,"column":0},"end":{"line":4,"column":null}},"3":{"start":{"line":6,"column":11},"end":{"line":9,"column":2}},"4":{"start":{"line":11,"column":0},"end":{"line":11,"column":null}}},"fnMap":{},"branchMap":{},"s":{"0":2,"1":2,"2":2,"3":2,"4":2},"f":{},"b":{}}
,"C:\\Users\\Cesar\\Documents\\REACT\\Proyecto\\rest_api_node_ts_server\\src\\handlers\\product.ts": {"path":"C:\\Users\\Cesar\\Documents\\REACT\\Proyecto\\rest_api_node_ts_server\\src\\handlers\\product.ts","statementMap":{"0":{"start":{"line":2,"column":0},"end":{"line":2,"column":45}},"1":{"start":{"line":4,"column":27},"end":{"line":7,"column":null}},"2":{"start":{"line":4,"column":67},"end":{"line":7,"column":null}},"3":{"start":{"line":5,"column":21},"end":{"line":5,"column":44}},"4":{"start":{"line":6,"column":4},"end":{"line":6,"column":null}},"5":{"start":{"line":4,"column":13},"end":{"line":4,"column":27}},"6":{"start":{"line":9,"column":30},"end":{"line":21,"column":null}},"7":{"start":{"line":9,"column":70},"end":{"line":21,"column":null}},"8":{"start":{"line":10,"column":19},"end":{"line":10,"column":29}},"9":{"start":{"line":11,"column":20},"end":{"line":11,"column":46}},"10":{"start":{"line":13,"column":4},"end":{"line":18,"column":5}},"11":{"start":{"line":14,"column":12},"end":{"line":16,"column":null}},"12":{"start":{"line":17,"column":8},"end":{"line":17,"column":14}},"13":{"start":{"line":20,"column":4},"end":{"line":20,"column":null}},"14":{"start":{"line":9,"column":13},"end":{"line":9,"column":30}},"15":{"start":{"line":23,"column":29},"end":{"line":27,"column":null}},"16":{"start":{"line":23,"column":69},"end":{"line":27,"column":null}},"17":{"start":{"line":25,"column":20},"end":{"line":25,"column":50}},"18":{"start":{"line":26,"column":4},"end":{"line":26,"column":null}},"19":{"start":{"line":23,"column":13},"end":{"line":23,"column":29}},"20":{"start":{"line":29,"column":29},"end":{"line":46,"column":null}},"21":{"start":{"line":29,"column":69},"end":{"line":46,"column":null}},"22":{"start":{"line":31,"column":19},"end":{"line":31,"column":29}},"23":{"start":{"line":32,"column":20},"end":{"line":32,"column":46}},"24":{"start":{"line":34,"column":4},"end":{"line":39,"column":5}},"25":{"start":{"line":35,"column":12},"end":{"line":37,"column":null}},"26":{"start":{"line":38,"column":8},"end":{"line":38,"column":14}},"27":{"start":{"line":42,"column":4},"end":{"line":42,"column":null}},"28":{"start":{"line":43,"column":4},"end":{"line":43,"column":null}},"29":{"start":{"line":45,"column":4},"end":{"line":45,"column":null}},"30":{"start":{"line":29,"column":13},"end":{"line":29,"column":29}},"31":{"start":{"line":48,"column":34},"end":{"line":64,"column":null}},"32":{"start":{"line":48,"column":74},"end":{"line":64,"column":null}},"33":{"start":{"line":50,"column":19},"end":{"line":50,"column":29}},"34":{"start":{"line":51,"column":20},"end":{"line":51,"column":46}},"35":{"start":{"line":53,"column":4},"end":{"line":58,"column":5}},"36":{"start":{"line":54,"column":12},"end":{"line":56,"column":null}},"37":{"start":{"line":57,"column":8},"end":{"line":57,"column":14}},"38":{"start":{"line":61,"column":4},"end":{"line":61,"column":null}},"39":{"start":{"line":62,"column":4},"end":{"line":62,"column":null}},"40":{"start":{"line":63,"column":4},"end":{"line":63,"column":null}},"41":{"start":{"line":48,"column":13},"end":{"line":48,"column":34}},"42":{"start":{"line":66,"column":29},"end":{"line":81,"column":null}},"43":{"start":{"line":66,"column":69},"end":{"line":81,"column":null}},"44":{"start":{"line":68,"column":19},"end":{"line":68,"column":29}},"45":{"start":{"line":69,"column":20},"end":{"line":69,"column":46}},"46":{"start":{"line":71,"column":4},"end":{"line":76,"column":5}},"47":{"start":{"line":72,"column":12},"end":{"line":74,"column":null}},"48":{"start":{"line":75,"column":8},"end":{"line":75,"column":14}},"49":{"start":{"line":79,"column":4},"end":{"line":79,"column":null}},"50":{"start":{"line":80,"column":4},"end":{"line":80,"column":null}},"51":{"start":{"line":66,"column":13},"end":{"line":66,"column":29}}},"fnMap":{"0":{"name":"(anonymous_8)","decl":{"start":{"line":4,"column":27},"end":{"line":4,"column":34}},"loc":{"start":{"line":4,"column":67},"end":{"line":7,"column":null}}},"1":{"name":"(anonymous_9)","decl":{"start":{"line":4,"column":67},"end":{"line":4,"column":null}},"loc":{"start":{"line":4,"column":67},"end":{"line":7,"column":1}}},"2":{"name":"(anonymous_10)","decl":{"start":{"line":9,"column":30},"end":{"line":9,"column":37}},"loc":{"start":{"line":9,"column":70},"end":{"line":21,"column":null}}},"3":{"name":"(anonymous_11)","decl":{"start":{"line":9,"column":70},"end":{"line":9,"column":null}},"loc":{"start":{"line":9,"column":70},"end":{"line":21,"column":1}}},"4":{"name":"(anonymous_12)","decl":{"start":{"line":23,"column":29},"end":{"line":23,"column":36}},"loc":{"start":{"line":23,"column":69},"end":{"line":27,"column":null}}},"5":{"name":"(anonymous_13)","decl":{"start":{"line":23,"column":69},"end":{"line":23,"column":null}},"loc":{"start":{"line":23,"column":69},"end":{"line":27,"column":1}}},"6":{"name":"(anonymous_14)","decl":{"start":{"line":29,"column":29},"end":{"line":29,"column":36}},"loc":{"start":{"line":29,"column":69},"end":{"line":46,"column":null}}},"7":{"name":"(anonymous_15)","decl":{"start":{"line":29,"column":69},"end":{"line":29,"column":null}},"loc":{"start":{"line":29,"column":69},"end":{"line":46,"column":1}}},"8":{"name":"(anonymous_16)","decl":{"start":{"line":48,"column":34},"end":{"line":48,"column":41}},"loc":{"start":{"line":48,"column":74},"end":{"line":64,"column":null}}},"9":{"name":"(anonymous_17)","decl":{"start":{"line":48,"column":74},"end":{"line":48,"column":null}},"loc":{"start":{"line":48,"column":74},"end":{"line":64,"column":1}}},"10":{"name":"(anonymous_18)","decl":{"start":{"line":66,"column":29},"end":{"line":66,"column":36}},"loc":{"start":{"line":66,"column":69},"end":{"line":81,"column":null}}},"11":{"name":"(anonymous_19)","decl":{"start":{"line":66,"column":69},"end":{"line":66,"column":null}},"loc":{"start":{"line":66,"column":69},"end":{"line":81,"column":1}}}},"branchMap":{"0":{"loc":{"start":{"line":13,"column":4},"end":{"line":18,"column":5}},"type":"if","locations":[{"start":{"line":13,"column":4},"end":{"line":18,"column":5}}]},"1":{"loc":{"start":{"line":34,"column":4},"end":{"line":39,"column":5}},"type":"if","locations":[{"start":{"line":34,"column":4},"end":{"line":39,"column":5}}]},"2":{"loc":{"start":{"line":53,"column":4},"end":{"line":58,"column":5}},"type":"if","locations":[{"start":{"line":53,"column":4},"end":{"line":58,"column":5}}]},"3":{"loc":{"start":{"line":71,"column":4},"end":{"line":76,"column":5}},"type":"if","locations":[{"start":{"line":71,"column":4},"end":{"line":76,"column":5}}]}},"s":{"0":2,"1":2,"2":2,"3":2,"4":2,"5":2,"6":2,"7":2,"8":2,"9":2,"10":2,"11":1,"12":1,"13":1,"14":2,"15":2,"16":1,"17":1,"18":1,"19":2,"20":2,"21":2,"22":2,"23":2,"24":2,"25":1,"26":1,"27":1,"28":1,"29":1,"30":2,"31":2,"32":2,"33":2,"34":2,"35":2,"36":1,"37":1,"38":1,"39":1,"40":1,"41":2,"42":2,"43":2,"44":2,"45":2,"46":2,"47":1,"48":1,"49":1,"50":1,"51":2},"f":{"0":2,"1":2,"2":2,"3":2,"4":1,"5":1,"6":2,"7":2,"8":2,"9":2,"10":2,"11":2},"b":{"0":[1],"1":[1],"2":[1],"3":[1]}}
,"C:\\Users\\Cesar\\Documents\\REACT\\Proyecto\\rest_api_node_ts_server\\src\\middleware\\index.ts": {"path":"C:\\Users\\Cesar\\Documents\\REACT\\Proyecto\\rest_api_node_ts_server\\src\\middleware\\index.ts","statementMap":{"0":{"start":{"line":2,"column":0},"end":{"line":2,"column":52}},"1":{"start":{"line":4,"column":33},"end":{"line":12,"column":1}},"2":{"start":{"line":6,"column":17},"end":{"line":6,"column":38}},"3":{"start":{"line":7,"column":4},"end":{"line":10,"column":5}},"4":{"start":{"line":8,"column":8},"end":{"line":8,"column":null}},"5":{"start":{"line":9,"column":8},"end":{"line":9,"column":14}},"6":{"start":{"line":11,"column":4},"end":{"line":11,"column":null}},"7":{"start":{"line":4,"column":13},"end":{"line":4,"column":33}}},"fnMap":{"0":{"name":"(anonymous_0)","decl":{"start":{"line":4,"column":33},"end":{"line":4,"column":34}},"loc":{"start":{"line":4,"column":94},"end":{"line":12,"column":1}}}},"branchMap":{"0":{"loc":{"start":{"line":7,"column":4},"end":{"line":10,"column":5}},"type":"if","locations":[{"start":{"line":7,"column":4},"end":{"line":10,"column":5}}]}},"s":{"0":2,"1":2,"2":16,"3":16,"4":7,"5":7,"6":9,"7":2},"f":{"0":16},"b":{"0":[7]}}
,"C:\\Users\\Cesar\\Documents\\REACT\\Proyecto\\rest_api_node_ts_server\\src\\models\\Product.model.ts": {"path":"C:\\Users\\Cesar\\Documents\\REACT\\Proyecto\\rest_api_node_ts_server\\src\\models\\Product.model.ts","statementMap":{"0":{"start":{"line":1,"column":0},"end":{"line":1,"column":77}},"1":{"start":{"line":7,"column":0},"end":{"line":23,"column":null}},"2":{"start":{"line":11,"column":12},"end":{"line":11,"column":null}},"3":{"start":{"line":16,"column":12},"end":{"line":16,"column":null}},"4":{"start":{"line":22,"column":12},"end":{"line":22,"column":null}},"5":{"start":{"line":7,"column":6},"end":{"line":23,"column":null}},"6":{"start":{"line":25,"column":0},"end":{"line":25,"column":null}}},"fnMap":{},"branchMap":{},"s":{"0":3,"1":3,"2":3,"3":3,"4":3,"5":3,"6":3},"f":{},"b":{}}
}
