TN:
SF:src\router.ts
FN:26,(anonymous_0)
FN:43,(anonymous_1)
FNF:2
FNH:2
FNDA:3,(anonymous_0)
FNDA:5,(anonymous_1)
DA:1,2
DA:2,2
DA:3,2
DA:4,2
DA:6,2
DA:9,2
DA:11,2
DA:17,2
DA:26,3
DA:33,2
DA:43,5
DA:52,2
DA:58,2
DA:64,2
LF:14
LH:14
BRF:0
BRH:0
end_of_record
TN:
SF:src\server.ts
FN:7,connectDB
FN:28,(anonymous_10)
FNF:2
FNH:2
FNDA:3,connectDB
FNDA:1,(anonymous_10)
DA:1,2
DA:2,2
DA:3,2
DA:4,2
DA:7,2
DA:8,3
DA:9,3
DA:10,2
DA:14,1
DA:18,2
DA:21,2
DA:24,2
DA:26,2
DA:28,2
DA:29,1
DA:33,2
LF:16
LH:16
BRF:0
BRH:0
end_of_record
TN:
SF:src\config\db.ts
FNF:0
FNH:0
DA:1,2
DA:2,2
DA:4,2
DA:6,2
DA:11,2
LF:5
LH:5
BRF:0
BRH:0
end_of_record
TN:
SF:src\handlers\product.ts
FN:4,(anonymous_8)
FN:4,(anonymous_9)
FN:9,(anonymous_10)
FN:9,(anonymous_11)
FN:23,(anonymous_12)
FN:23,(anonymous_13)
FN:29,(anonymous_14)
FN:29,(anonymous_15)
FN:48,(anonymous_16)
FN:48,(anonymous_17)
FN:66,(anonymous_18)
FN:66,(anonymous_19)
FNF:12
FNH:12
FNDA:2,(anonymous_8)
FNDA:2,(anonymous_9)
FNDA:2,(anonymous_10)
FNDA:2,(anonymous_11)
FNDA:1,(anonymous_12)
FNDA:1,(anonymous_13)
FNDA:2,(anonymous_14)
FNDA:2,(anonymous_15)
FNDA:2,(anonymous_16)
FNDA:2,(anonymous_17)
FNDA:2,(anonymous_18)
FNDA:2,(anonymous_19)
DA:2,2
DA:4,2
DA:5,2
DA:6,2
DA:9,2
DA:10,2
DA:11,2
DA:13,2
DA:14,1
DA:17,1
DA:20,1
DA:23,2
DA:25,1
DA:26,1
DA:29,2
DA:31,2
DA:32,2
DA:34,2
DA:35,1
DA:38,1
DA:42,1
DA:43,1
DA:45,1
DA:48,2
DA:50,2
DA:51,2
DA:53,2
DA:54,1
DA:57,1
DA:61,1
DA:62,1
DA:63,1
DA:66,2
DA:68,2
DA:69,2
DA:71,2
DA:72,1
DA:75,1
DA:79,1
DA:80,1
LF:40
LH:40
BRDA:13,0,0,1
BRDA:34,1,0,1
BRDA:53,2,0,1
BRDA:71,3,0,1
BRF:4
BRH:4
end_of_record
TN:
SF:src\middleware\index.ts
FN:4,(anonymous_0)
FNF:1
FNH:1
FNDA:16,(anonymous_0)
DA:2,2
DA:4,2
DA:6,16
DA:7,16
DA:8,7
DA:9,7
DA:11,9
LF:7
LH:7
BRDA:7,0,0,7
BRF:1
BRH:1
end_of_record
TN:
SF:src\models\Product.model.ts
FNF:0
FNH:0
DA:1,3
DA:7,3
DA:11,3
DA:16,3
DA:22,3
DA:25,3
LF:6
LH:6
BRF:0
BRH:0
end_of_record
